<?xml version="1.0" encoding="utf-8"?><testsuites name="pytest tests"><testsuite name="pytest" errors="0" failures="0" skipped="0" tests="14" time="2.783" timestamp="2026-03-01T16:37:34.700214+00:00" hostname="agent-env-b80cac36-7074-462f-90c3-c7bbc33b166b"><testcase classname="test_emergency_payment_flow.TestEmergencyPaymentFlow" name="test_01_create_property_for_emergency" time="0.121" /><testcase classname="test_emergency_payment_flow.TestEmergencyPaymentFlow" name="test_02_create_emergency" time="0.126" /><testcase classname="test_emergency_payment_flow.TestEmergencyPaymentFlow" name="test_03_provider_accept_emergency" time="0.171" /><testcase classname="test_emergency_payment_flow.TestEmergencyPaymentFlow" name="test_04_verify_commission_hidden_in_response" time="0.191" /><testcase classname="test_emergency_payment_flow.TestEmergencyPaymentFlow" name="test_05_create_stripe_checkout_for_displacement" time="0.641" /><testcase classname="test_emergency_payment_flow.TestEmergencyPaymentFlow" name="test_06_cannot_send_quote_before_payment" time="0.104" /><testcase classname="test_emergency_payment_flow.TestEmergencyPaymentFlow" name="test_07_simulate_displacement_payment_success" time="0.186" /><testcase classname="test_emergency_payment_flow.TestEmergencyPaymentFlow" name="test_08_provider_sends_quote" time="0.151" /><testcase classname="test_emergency_payment_flow.TestEmergencyPaymentFlow" name="test_09_create_stripe_checkout_for_quote" time="0.464" /><testcase classname="test_emergency_payment_flow.TestEmergencyPaymentFlow" name="test_10_simulate_quote_payment_success" time="0.004" /><testcase classname="test_emergency_payment_flow.TestEmergencyPaymentFlow" name="test_11_provider_complete_emergency" time="0.169" /><testcase classname="test_emergency_payment_flow.TestEmergencyPaymentFlow" name="test_12_get_service_types" time="0.119" /><testcase classname="test_emergency_payment_flow.TestEdgeCases" name="test_cannot_pay_displacement_wrong_status" time="0.114" /><testcase classname="test_emergency_payment_flow.TestEdgeCases" name="test_provider_cannot_complete_before_quote_paid" time="0.162" /></testsuite></testsuites>