<?xml version="1.0" encoding="utf-8"?><testsuites name="pytest tests"><testsuite name="pytest" errors="0" failures="1" skipped="0" tests="14" time="3.303" timestamp="2026-03-01T16:37:12.324779+00:00" hostname="agent-env-b80cac36-7074-462f-90c3-c7bbc33b166b"><testcase classname="test_emergency_payment_flow.TestEmergencyPaymentFlow" name="test_01_create_property_for_emergency" time="0.231" /><testcase classname="test_emergency_payment_flow.TestEmergencyPaymentFlow" name="test_02_create_emergency" time="0.170" /><testcase classname="test_emergency_payment_flow.TestEmergencyPaymentFlow" name="test_03_provider_accept_emergency" time="0.254" /><testcase classname="test_emergency_payment_flow.TestEmergencyPaymentFlow" name="test_04_verify_commission_hidden_in_response" time="0.171" /><testcase classname="test_emergency_payment_flow.TestEmergencyPaymentFlow" name="test_05_create_stripe_checkout_for_displacement" time="0.729" /><testcase classname="test_emergency_payment_flow.TestEmergencyPaymentFlow" name="test_06_cannot_send_quote_before_payment" time="0.112" /><testcase classname="test_emergency_payment_flow.TestEmergencyPaymentFlow" name="test_07_simulate_displacement_payment_success" time="0.194" /><testcase classname="test_emergency_payment_flow.TestEmergencyPaymentFlow" name="test_08_provider_sends_quote" time="0.222" /><testcase classname="test_emergency_payment_flow.TestEmergencyPaymentFlow" name="test_09_create_stripe_checkout_for_quote" time="0.460" /><testcase classname="test_emergency_payment_flow.TestEmergencyPaymentFlow" name="test_10_simulate_quote_payment_success" time="0.003" /><testcase classname="test_emergency_payment_flow.TestEmergencyPaymentFlow" name="test_11_provider_complete_emergency" time="0.212" /><testcase classname="test_emergency_payment_flow.TestEmergencyPaymentFlow" name="test_12_get_service_types" time="0.162" /><testcase classname="test_emergency_payment_flow.TestEdgeCases" name="test_cannot_pay_displacement_wrong_status" time="0.114" /><testcase classname="test_emergency_payment_flow.TestEdgeCases" name="test_provider_cannot_complete_before_quote_paid" time="0.125"><failure message="assert 404 == 400&#10; +  where 404 = &lt;Response [404]&gt;.status_code">test_emergency_payment_flow.py:413: in test_provider_cannot_complete_before_quote_paid
    assert response.status_code == 400
E   assert 404 == 400
E    +  where 404 = &lt;Response [404]&gt;.status_code</failure></testcase></testsuite></testsuites>