<?xml version="1.0" encoding="utf-8"?><testsuites name="pytest tests"><testsuite name="pytest" errors="0" failures="0" skipped="0" tests="22" time="3.457" timestamp="2026-02-27T19:22:19.203178+00:00" hostname="agent-env-b80cac36-7074-462f-90c3-c7bbc33b166b"><testcase classname="tests.test_montrto_apis.TestHealthCheck" name="test_service_types" time="0.227" /><testcase classname="tests.test_montrto_apis.TestAuth" name="test_get_me_owner" time="0.127" /><testcase classname="tests.test_montrto_apis.TestAuth" name="test_get_me_provider" time="0.169" /><testcase classname="tests.test_montrto_apis.TestAuth" name="test_get_me_no_auth" time="0.175" /><testcase classname="tests.test_montrto_apis.TestUserRoleAndProfile" name="test_get_profile_owner" time="0.170" /><testcase classname="tests.test_montrto_apis.TestUserRoleAndProfile" name="test_get_profile_provider" time="0.151" /><testcase classname="tests.test_montrto_apis.TestProperties" name="test_create_property" time="0.142" /><testcase classname="tests.test_montrto_apis.TestProperties" name="test_get_properties" time="0.168" /><testcase classname="tests.test_montrto_apis.TestProperties" name="test_get_property_by_id" time="0.169" /><testcase classname="tests.test_montrto_apis.TestProperties" name="test_provider_cannot_access_properties" time="0.117" /><testcase classname="tests.test_montrto_apis.TestMissions" name="test_create_mission" time="0.148" /><testcase classname="tests.test_montrto_apis.TestMissions" name="test_get_missions_owner" time="0.168" /><testcase classname="tests.test_montrto_apis.TestMissions" name="test_get_missions_provider" time="0.114" /><testcase classname="tests.test_montrto_apis.TestMissions" name="test_apply_to_mission" time="0.166" /><testcase classname="tests.test_montrto_apis.TestMissions" name="test_get_mission_detail" time="0.127" /><testcase classname="tests.test_montrto_apis.TestEmergency" name="test_create_emergency" time="0.122" /><testcase classname="tests.test_montrto_apis.TestEmergency" name="test_get_emergencies" time="0.109" /><testcase classname="tests.test_montrto_apis.TestEmergency" name="test_get_emergency_detail" time="0.130" /><testcase classname="tests.test_montrto_apis.TestQuotes" name="test_create_quote" time="0.132" /><testcase classname="tests.test_montrto_apis.TestProviderFeatures" name="test_toggle_availability" time="0.165" /><testcase classname="tests.test_montrto_apis.TestProviderFeatures" name="test_provider_stats" time="0.124" /><testcase classname="tests.test_montrto_apis.TestOwnerDashboard" name="test_owner_dashboard" time="0.228" /></testsuite></testsuites>